
leds.elf:     file format elf32-msp430

SYMBOL TABLE:
00001100 l    d  .text	00000000 
00000200 l    d  .data	00000000 
00000c00 l    d  .bootloader	00000000 
00001000 l    d  .infomem	00000000 
00001000 l    d  .infomemnobits	00000000 
00000200 l    d  .bss	00000000 
00000208 l    d  .noinit	00000000 
0000ffe0 l    d  .vectors	00000000 
00000000 l    d  .stab	00000000 
00000000 l    d  .stabstr	00000000 
00000000 l    d  *ABS*	00000000 
00000000 l    d  *ABS*	00000000 
00000000 l    d  *ABS*	00000000 
00000000 l    df *ABS*	00000000 <command line>
00000000 l    df *ABS*	00000000 <built-in>
00000000 l    df *ABS*	00000000 gcrt0.S
00000000 l    df *ABS*	00000000 gcrt0.S
00000000 l    df *ABS*	00000000 <command line>
00000000 l    df *ABS*	00000000 <built-in>
00000000 l    df *ABS*	00000000 gcrt0.S
00000130 l       *ABS*	00000000 MPY
00000132 l       *ABS*	00000000 MPYS
00000134 l       *ABS*	00000000 MAC
00000136 l       *ABS*	00000000 MACS
00000138 l       *ABS*	00000000 OP2
0000013a l       *ABS*	00000000 RESLO
0000013c l       *ABS*	00000000 RESHI
0000013e l       *ABS*	00000000 SUMEXT
00000020 l       *ABS*	00000000 P1IN
00000021 l       *ABS*	00000000 P1OUT
00000022 l       *ABS*	00000000 P1DIR
00000023 l       *ABS*	00000000 P1IFG
00000024 l       *ABS*	00000000 P1IES
00000025 l       *ABS*	00000000 P1IE
00000026 l       *ABS*	00000000 P1SEL
00000028 l       *ABS*	00000000 P2IN
00000029 l       *ABS*	00000000 P2OUT
0000002a l       *ABS*	00000000 P2DIR
0000002b l       *ABS*	00000000 P2IFG
0000002c l       *ABS*	00000000 P2IES
0000002d l       *ABS*	00000000 P2IE
0000002e l       *ABS*	00000000 P2SEL
00000018 l       *ABS*	00000000 P3IN
00000019 l       *ABS*	00000000 P3OUT
0000001a l       *ABS*	00000000 P3DIR
0000001b l       *ABS*	00000000 P3SEL
0000001c l       *ABS*	00000000 P4IN
0000001d l       *ABS*	00000000 P4OUT
0000001e l       *ABS*	00000000 P4DIR
0000001f l       *ABS*	00000000 P4SEL
00000030 l       *ABS*	00000000 P5IN
00000031 l       *ABS*	00000000 P5OUT
00000032 l       *ABS*	00000000 P5DIR
00000033 l       *ABS*	00000000 P5SEL
00000034 l       *ABS*	00000000 P6IN
00000035 l       *ABS*	00000000 P6OUT
00000036 l       *ABS*	00000000 P6DIR
00000037 l       *ABS*	00000000 P6SEL
00000070 l       *ABS*	00000000 U0CTL
00000071 l       *ABS*	00000000 U0TCTL
00000072 l       *ABS*	00000000 U0RCTL
00000073 l       *ABS*	00000000 U0MCTL
00000074 l       *ABS*	00000000 U0BR0
00000075 l       *ABS*	00000000 U0BR1
00000076 l       *ABS*	00000000 U0RXBUF
00000077 l       *ABS*	00000000 U0TXBUF
00000070 l       *ABS*	00000000 UCTL
00000071 l       *ABS*	00000000 UTCTL
00000072 l       *ABS*	00000000 URCTL
00000073 l       *ABS*	00000000 UMCTL
00000074 l       *ABS*	00000000 UBR0
00000075 l       *ABS*	00000000 UBR1
00000076 l       *ABS*	00000000 RXBUF
00000077 l       *ABS*	00000000 TXBUF
00000070 l       *ABS*	00000000 UCTL0
00000071 l       *ABS*	00000000 UTCTL0
00000072 l       *ABS*	00000000 URCTL0
00000073 l       *ABS*	00000000 UMCTL0
00000074 l       *ABS*	00000000 UBR00
00000075 l       *ABS*	00000000 UBR10
00000076 l       *ABS*	00000000 RXBUF0
00000077 l       *ABS*	00000000 TXBUF0
00000070 l       *ABS*	00000000 UCTL_0
00000071 l       *ABS*	00000000 UTCTL_0
00000072 l       *ABS*	00000000 URCTL_0
00000073 l       *ABS*	00000000 UMCTL_0
00000074 l       *ABS*	00000000 UBR0_0
00000075 l       *ABS*	00000000 UBR1_0
00000076 l       *ABS*	00000000 RXBUF_0
00000077 l       *ABS*	00000000 TXBUF_0
00000078 l       *ABS*	00000000 U1CTL
00000079 l       *ABS*	00000000 U1TCTL
0000007a l       *ABS*	00000000 U1RCTL
0000007b l       *ABS*	00000000 U1MCTL
0000007c l       *ABS*	00000000 U1BR0
0000007d l       *ABS*	00000000 U1BR1
0000007e l       *ABS*	00000000 U1RXBUF
0000007f l       *ABS*	00000000 U1TXBUF
00000078 l       *ABS*	00000000 UCTL1
00000079 l       *ABS*	00000000 UTCTL1
0000007a l       *ABS*	00000000 URCTL1
0000007b l       *ABS*	00000000 UMCTL1
0000007c l       *ABS*	00000000 UBR01
0000007d l       *ABS*	00000000 UBR11
0000007e l       *ABS*	00000000 RXBUF1
0000007f l       *ABS*	00000000 TXBUF1
00000078 l       *ABS*	00000000 UCTL_1
00000079 l       *ABS*	00000000 UTCTL_1
0000007a l       *ABS*	00000000 URCTL_1
0000007b l       *ABS*	00000000 UMCTL_1
0000007c l       *ABS*	00000000 UBR0_1
0000007d l       *ABS*	00000000 UBR1_1
0000007e l       *ABS*	00000000 RXBUF_1
0000007f l       *ABS*	00000000 TXBUF_1
0000012e l       *ABS*	00000000 TAIV
00000160 l       *ABS*	00000000 TACTL
00000162 l       *ABS*	00000000 TACCTL0
00000164 l       *ABS*	00000000 TACCTL1
00000166 l       *ABS*	00000000 TACCTL2
00000170 l       *ABS*	00000000 TAR
00000172 l       *ABS*	00000000 TACCR0
00000174 l       *ABS*	00000000 TACCR1
00000176 l       *ABS*	00000000 TACCR2
00000162 l       *ABS*	00000000 CCTL0
00000164 l       *ABS*	00000000 CCTL1
00000166 l       *ABS*	00000000 CCTL2
00000172 l       *ABS*	00000000 CCR0
00000174 l       *ABS*	00000000 CCR1
00000176 l       *ABS*	00000000 CCR2
0000011e l       *ABS*	00000000 TBIV
00000180 l       *ABS*	00000000 TBCTL
00000182 l       *ABS*	00000000 TBCCTL0
00000184 l       *ABS*	00000000 TBCCTL1
00000186 l       *ABS*	00000000 TBCCTL2
00000190 l       *ABS*	00000000 TBR
00000192 l       *ABS*	00000000 TBCCR0
00000194 l       *ABS*	00000000 TBCCR1
00000196 l       *ABS*	00000000 TBCCR2
00000188 l       *ABS*	00000000 TBCCTL3
0000018a l       *ABS*	00000000 TBCCTL4
0000018c l       *ABS*	00000000 TBCCTL5
0000018e l       *ABS*	00000000 TBCCTL6
00000198 l       *ABS*	00000000 TBCCR3
0000019a l       *ABS*	00000000 TBCCR4
0000019c l       *ABS*	00000000 TBCCR5
0000019e l       *ABS*	00000000 TBCCR6
00000056 l       *ABS*	00000000 DCOCTL
00000057 l       *ABS*	00000000 BCSCTL1
00000058 l       *ABS*	00000000 BCSCTL2
00000128 l       *ABS*	00000000 FCTL1
0000012a l       *ABS*	00000000 FCTL2
0000012c l       *ABS*	00000000 FCTL3
00000059 l       *ABS*	00000000 CACTL1
0000005a l       *ABS*	00000000 CACTL2
0000005b l       *ABS*	00000000 CAPD
000001a0 l       *ABS*	00000000 ADC12CTL0
000001a2 l       *ABS*	00000000 ADC12CTL1
000001a4 l       *ABS*	00000000 ADC12IFG
000001a6 l       *ABS*	00000000 ADC12IE
000001a8 l       *ABS*	00000000 ADC12IV
00000140 l       *ABS*	00000000 ADC12MEM0
00000142 l       *ABS*	00000000 ADC12MEM1
00000144 l       *ABS*	00000000 ADC12MEM2
00000146 l       *ABS*	00000000 ADC12MEM3
00000148 l       *ABS*	00000000 ADC12MEM4
0000014a l       *ABS*	00000000 ADC12MEM5
0000014c l       *ABS*	00000000 ADC12MEM6
0000014e l       *ABS*	00000000 ADC12MEM7
00000150 l       *ABS*	00000000 ADC12MEM8
00000152 l       *ABS*	00000000 ADC12MEM9
00000154 l       *ABS*	00000000 ADC12MEM10
00000156 l       *ABS*	00000000 ADC12MEM11
00000158 l       *ABS*	00000000 ADC12MEM12
0000015a l       *ABS*	00000000 ADC12MEM13
0000015c l       *ABS*	00000000 ADC12MEM14
0000015e l       *ABS*	00000000 ADC12MEM15
00000080 l       *ABS*	00000000 ADC12MCTL0
00000081 l       *ABS*	00000000 ADC12MCTL1
00000082 l       *ABS*	00000000 ADC12MCTL2
00000083 l       *ABS*	00000000 ADC12MCTL3
00000084 l       *ABS*	00000000 ADC12MCTL4
00000085 l       *ABS*	00000000 ADC12MCTL5
00000086 l       *ABS*	00000000 ADC12MCTL6
00000087 l       *ABS*	00000000 ADC12MCTL7
00000088 l       *ABS*	00000000 ADC12MCTL8
00000089 l       *ABS*	00000000 ADC12MCTL9
0000008a l       *ABS*	00000000 ADC12MCTL10
0000008b l       *ABS*	00000000 ADC12MCTL11
0000008c l       *ABS*	00000000 ADC12MCTL12
0000008d l       *ABS*	00000000 ADC12MCTL13
0000008e l       *ABS*	00000000 ADC12MCTL14
0000008f l       *ABS*	00000000 ADC12MCTL15
00000120 l       *ABS*	00000000 WDTCTL
00000000 l       *ABS*	00000000 IE1
00000002 l       *ABS*	00000000 IFG1
00000004 l       *ABS*	00000000 ME1
00000001 l       *ABS*	00000000 IE2
00000003 l       *ABS*	00000000 IFG2
00000005 l       *ABS*	00000000 ME2
00000000 l    df *ABS*	00000000 main.c
00000130 l       *ABS*	00000000 __MPY
00000132 l       *ABS*	00000000 __MPYS
00000134 l       *ABS*	00000000 __MAC
00000136 l       *ABS*	00000000 __MACS
00000138 l       *ABS*	00000000 __OP2
0000013a l       *ABS*	00000000 __RESLO
0000013c l       *ABS*	00000000 __RESHI
0000013e l       *ABS*	00000000 __SUMEXT
0000122a l       .text	00000000 Letext
00000000 l    df *ABS*	00000000 interrupts.c
00000130 l       *ABS*	00000000 __MPY
00000132 l       *ABS*	00000000 __MPYS
00000134 l       *ABS*	00000000 __MAC
00000136 l       *ABS*	00000000 __MACS
00000138 l       *ABS*	00000000 __OP2
0000013a l       *ABS*	00000000 __RESLO
0000013c l       *ABS*	00000000 __RESHI
0000013e l       *ABS*	00000000 __SUMEXT
000012cc l       .text	00000000 Letext
00000000 l    df *ABS*	00000000 dco.c
00000130 l       *ABS*	00000000 __MPY
00000132 l       *ABS*	00000000 __MPYS
00000134 l       *ABS*	00000000 __MAC
00000136 l       *ABS*	00000000 __MACS
00000138 l       *ABS*	00000000 __OP2
0000013a l       *ABS*	00000000 __RESLO
0000013c l       *ABS*	00000000 __RESHI
0000013e l       *ABS*	00000000 __SUMEXT
00001356 l       .text	00000000 Letext
00000000 l    df *ABS*	00000000 <command line>
00000000 l    df *ABS*	00000000 <built-in>
0000135a l       .text	00000000 __stop_progLoop
00001120  w      .text	00000000 _clear_bss_init__
00000204 g     O .bss	00000002 VZC_2delta
000012ca g     F .text	00000002 INT_nmi
0000135e g       .text	00000000 _etext
00001294 g     F .text	00000002 INT_uart1rx
00001356 g       .text	00000000 __stop_progExec__
0000113a g       .text	00000000 _unexpected_1_
0000113a  w      .text	00000000 vector_ffe0
0000117a g     F .text	00000026 InitDCO
00000206 g     O .bss	00000002 VZC_LastCap
000012ba g     F .text	00000002 INT_timera0
00000200 g     O .bss	00000001 Status
000012c8 g     F .text	00000002 INT_timerb0
000012ba g       .text	00000000 vector_ffec
000012be g       .text	00000000 vector_fff0
00001290 g     F .text	00000002 INT_port2
0000113a g       .text	00000000 __dtors_end
00000208 g       .bss	00000000 __bss_end
000012ca g       .text	00000000 vector_fffc
000012bc g     F .text	00000002 INT_adc
00001292 g       .text	00000000 vector_ffe4
00001292 g     F .text	00000002 INT_uart1tx
000012c4 g     F .text	00000002 INT_compa
0000ffe0 g     O .vectors	00000020 InterruptVectors
00001296 g     F .text	00000002 INT_port1
00000202 g     O .bss	00000002 Rsel
00001136  w      .text	00000000 _end_of_init__
000012c6 g     F .text	00000002 INT_timerb1
000012c0 g     F .text	00000002 INT_uart0rx
00001290 g       .text	00000000 vector_ffe2
00001296 g       .text	00000000 vector_ffe8
0000113e  w      .text	00000000 _unexpected_
000012c8 g       .text	00000000 vector_fffa
00001100 g       .text	00000000 _reset_vector__
0000113a g       .text	00000000 __ctors_start
0000116c g     F .text	0000000e InitOSC
00000200 g       .bss	00000000 __bss_start
000012bc g       .text	00000000 vector_ffee
000012c2 g       .text	00000000 vector_fff4
000011a0 g     F .text	0000008a main
0000122a g     F .text	00000066 InitIRQ
000012c6 g       .text	00000000 vector_fff8
000012c0 g       .text	00000000 vector_fff2
00010000 g       .vectors	00000000 _vectors_end
00001294 g       .text	00000000 vector_ffe6
00001140 g     F .text	00000012 delay
00001298 g     F .text	00000022 INT_timera1
00001152 g     F .text	0000001a InitPorts
000012cc g     F .text	00000032 Rsel_set
0000113a g       .text	00000000 __dtors_start
0000113a g       .text	00000000 __ctors_end
00000a00 g       *ABS*	00000000 __stack
000012c2 g     F .text	00000002 INT_wdt
00000200 g       .data	00000000 _edata
00000208 g       .noinit	00000000 _end
000012fe g     F .text	00000058 dco_step
000012c4 g       .text	00000000 vector_fff6
00001106  w      .text	00000000 _copy_data_init__
000012be g     F .text	00000002 INT_uart0tx
00000200 g       .data	00000000 __data_start
00001298 g       .text	00000000 vector_ffea


Disassembly of section .text:

00001100 <_reset_vector__>:
    1100:	b2 40 80 5a 	mov	#23168,	&0x0120	;#0x5a80
    1104:	20 01 

00001106 <_copy_data_init__>:
    1106:	3f 40 5e 13 	mov	#4958,	r15	;#0x135e
    110a:	3e 40 00 02 	mov	#512,	r14	;#0x0200
    110e:	3d 40 00 02 	mov	#512,	r13	;#0x0200
    1112:	0d 9e       	cmp	r14,	r13	;
    1114:	05 24       	jz	$+12     	;abs 0x1120
    1116:	fe 4f 00 00 	mov.b	@r15+,	0(r14)	;
    111a:	1e 53       	inc	r14		;
    111c:	0e 9d       	cmp	r13,	r14	;
    111e:	fb 2b       	jnc	$-8      	;abs 0x1116

00001120 <_clear_bss_init__>:
    1120:	3f 40 00 02 	mov	#512,	r15	;#0x0200
    1124:	3d 40 08 02 	mov	#520,	r13	;#0x0208
    1128:	0d 9f       	cmp	r15,	r13	;
    112a:	05 24       	jz	$+12     	;abs 0x1136
    112c:	cf 43 00 00 	mov.b	#0,	0(r15)	;r3 As==00
    1130:	1f 53       	inc	r15		;
    1132:	0f 9d       	cmp	r13,	r15	;
    1134:	fb 2b       	jnc	$-8      	;abs 0x112c

00001136 <_end_of_init__>:
    1136:	30 40 a0 11 	br	#0x11a0		;

0000113a <__ctors_end>:
    113a:	30 40 3e 11 	br	#0x113e		;

0000113e <_unexpected_>:
    113e:	00 13       	reti			

00001140 <delay>:
Delay function.
   ----------------------------------------------------------------------- */
void delay(unsigned int d) {
   int i;
   for (i = 0; i<d; i++) {
    1140:	0e 43       	clr	r14		;
    1142:	0e 9f       	cmp	r15,	r14	;
    1144:	05 2c       	jc	$+12     	;abs 0x1150
      nop();
    1146:	03 43       	nop			
      nop();
    1148:	03 43       	nop			
    114a:	1e 53       	inc	r14		;
    114c:	0e 9f       	cmp	r15,	r14	;
    114e:	fb 2b       	jnc	$-8      	;abs 0x1146
   }
}
    1150:	30 41       	ret			

00001152 <InitPorts>:


void InitPorts( void )
{
  /* Initialize the ports */
  P1OUT  = P1OUT_INIT;                //Init output data of port1
    1152:	c2 43 21 00 	mov.b	#0,	&0x0021	;r3 As==00
  P2OUT  = P2OUT_INIT;                //Init output data of port2
    1156:	c2 43 29 00 	mov.b	#0,	&0x0029	;r3 As==00

  P1SEL  = P1SEL_INIT;                //Select port or module -function on port1
    115a:	c2 43 26 00 	mov.b	#0,	&0x0026	;r3 As==00
  P2SEL  = P2SEL_INIT;                //Select port or module -function on port2
    115e:	c2 43 2e 00 	mov.b	#0,	&0x002e	;r3 As==00

  P1DIR  = P1DIR_INIT;                //Init port direction register of port1
    1162:	f2 43 22 00 	mov.b	#-1,	&0x0022	;r3 As==11
  P2DIR  = P2DIR_INIT;                //Init port direction register of port2
    1166:	f2 43 2a 00 	mov.b	#-1,	&0x002a	;r3 As==11
}
    116a:	30 41       	ret			

0000116c <InitOSC>:

void InitOSC( void )
{
    /* Clear OSC Fault */
    IE1 = 0x00;
    116c:	c2 43 00 00 	mov.b	#0,	&0x0000	;r3 As==00
    IFG1 = 0x00;
    1170:	c2 43 02 00 	mov.b	#0,	&0x0002	;r3 As==00
    
    /* Select DCO/1 as MCLK */
    BCSCTL2 = 0x00;
    1174:	c2 43 58 00 	mov.b	#0,	&0x0058	;r3 As==00
}
    1178:	30 41       	ret			

0000117a <InitDCO>:

void InitDCO( void )
{
    /* Setup the DCO frequency */
    Rsel = RSEL_NOM;
    117a:	a2 42 02 02 	mov	#4,	&0x0202	;r2 As==10
    Rsel_set( Rsel );
    117e:	2f 42       	mov	#4,	r15	;r2 As==10
    1180:	b0 12 cc 12 	call	#4812		;#0x12cc
    
    /* Setup for ACLK/8 */
    BCSCTL1 |= DIVA_DIV8;
    1184:	f2 d0 30 00 	bis.b	#48,	&0x0057	;#0x0030
    1188:	57 00 

    /* Diagnostic */
    /* Output SMCLK on P1.4 pin 16 f149 */
    P1SEL |= 0x10;
    118a:	f2 d0 10 00 	bis.b	#16,	&0x0026	;#0x0010
    118e:	26 00 
    P1DIR |= 0x10;
    1190:	f2 d0 10 00 	bis.b	#16,	&0x0022	;#0x0010
    1194:	22 00 
    
    /* Output ACLK on P2.0 pin 20 f149 */
    P2SEL |= 0x01;
    1196:	d2 d3 2e 00 	bis.b	#1,	&0x002e	;r3 As==01
    P2DIR |= 0x01;
    119a:	d2 d3 2a 00 	bis.b	#1,	&0x002a	;r3 As==01
}
    119e:	30 41       	ret			

000011a0 <main>:



/* -----------------------------------------------------------------------
   Main function with a blinking LED
   ----------------------------------------------------------------------- */
int main(void)
{
    11a0:	31 40 00 0a 	mov	#2560,	r1	;#0x0a00
    short i;
    short task_state;
    
    /* Watchdog disabled */
    WDTCTL = WDTPW|WDTHOLD;
    11a4:	b2 40 80 5a 	mov	#23168,	&0x0120	;#0x5a80
    11a8:	20 01 

    Status = 0;
    11aa:	c2 43 00 02 	mov.b	#0,	&0x0200	;r3 As==00

    InitPorts();
    11ae:	b0 12 52 11 	call	#4434		;#0x1152
    InitOSC();
    11b2:	b0 12 6c 11 	call	#4460		;#0x116c
    InitDCO();
    11b6:	b0 12 7a 11 	call	#4474		;#0x117a
    InitIRQ();
    11ba:	b0 12 2a 12 	call	#4650		;#0x122a

    /* Startup loop, 4 loops through */
    for( i=0; i<4; i++ )
    11be:	2e 42       	mov	#4,	r14	;r2 As==10
    {
      while( !(Status & TASK_OVR) )
    11c0:	5f 42 00 02 	mov.b	&0x0200,r15	;0x0200
    11c4:	1f f3       	and	#1,	r15	;r3 As==01
    11c6:	05 20       	jnz	$+12     	;abs 0x11d2
      {
         asm("   nop");
    11c8:	03 43       	nop			
    11ca:	5f 42 00 02 	mov.b	&0x0200,r15	;0x0200
    11ce:	1f f3       	and	#1,	r15	;r3 As==01
    11d0:	fb 27       	jz	$-8      	;abs 0x11c8
      }
      Status &= ~TASK_OVR;
    11d2:	d2 c3 00 02 	bic.b	#1,	&0x0200	;r3 As==01
    11d6:	3e 53       	add	#-1,	r14	;r3 As==11
    11d8:	f3 23       	jnz	$-24     	;abs 0x11c0
    }
    dco_step;

    task_state = 0;
    11da:	0b 4e       	mov	r14,	r11	;
    11dc:	3a 40 fe 12 	mov	#4862,	r10	;#0x12fe
    while (1) {                         //main loop, never ends...
      if( Status & TASK_OVR )
    11e0:	5f 42 00 02 	mov.b	&0x0200,r15	;0x0200
    11e4:	1f f3       	and	#1,	r15	;r3 As==01
    11e6:	fc 27       	jz	$-6      	;abs 0x11e0
      {
        /* Execute 10mS tasks */
        switch( task_state )
    11e8:	0b 93       	cmp	#0,	r11	;r3 As==00
    11ea:	06 38       	jl	$+14     	;abs 0x11f8
    11ec:	3b 90 03 00 	cmp	#3,	r11	;#0x0003
    11f0:	03 38       	jl	$+8      	;abs 0x11f8
    11f2:	3b 90 03 00 	cmp	#3,	r11	;#0x0003
    11f6:	13 24       	jz	$+40     	;abs 0x121e
        {
          case 0:
              break;
              
          case 1:
              break;
              
          case 2:
              break;
              
          case 3:
              dco_step();
              
              /* Diagnostic */
              P1OUT ^= 1;
              break;
        }
        task_state = (task_state + 1) % 4;
    11f8:	0e 4b       	mov	r11,	r14	;
    11fa:	1e 53       	inc	r14		;
    11fc:	0f 4e       	mov	r14,	r15	;
    11fe:	0c 30       	jn	$+26     	;abs 0x1218
    1200:	0b 4f       	mov	r15,	r11	;
    1202:	0b 11       	rra	r11		;
    1204:	0b 11       	rra	r11		;
    1206:	0f 4b       	mov	r11,	r15	;
    1208:	0f 5f       	rla	r15		;
    120a:	0f 5b       	add	r11,	r15	;
    120c:	0f 5b       	add	r11,	r15	;
    120e:	0b 4e       	mov	r14,	r11	;
    1210:	0b 8f       	sub	r15,	r11	;
        Status &= ~TASK_OVR; 
    1212:	d2 c3 00 02 	bic.b	#1,	&0x0200	;r3 As==01
    1216:	e4 3f       	jmp	$-54     	;abs 0x11e0
    1218:	3f 50 03 00 	add	#3,	r15	;#0x0003
    121c:	f1 3f       	jmp	$-28     	;abs 0x1200
    121e:	8a 12       	call	r10		;
    1220:	d2 e3 21 00 	xor.b	#1,	&0x0021	;r3 As==01
    1224:	e9 3f       	jmp	$-44     	;abs 0x11f8
      }
    }
}
    1226:	30 40 56 13 	br	#0x1356		;

0000122a <InitIRQ>:
{
  short i;
  
  /* Setup Timer A0 run off MCLK /1, continuous up count, start */
  TACTL = TASSEL_SMCLK | TACLR;
    122a:	b2 40 04 02 	mov	#516,	&0x0160	;#0x0204
    122e:	60 01 
  TACTL |= MC_CONT;
    1230:	b2 d0 20 00 	bis	#32,	&0x0160	;#0x0020
    1234:	60 01 
  
  /* Setup CCR2 */
  CCTL2 = CM_POS|CCIS_1|SCS|CAP|OUTMOD_SET;
    1236:	b2 40 20 59 	mov	#22816,	&0x0166	;#0x5920
    123a:	66 01 

  /* Delay a bit for ACLK to settle */
  for (i = 0; i<0x1000; i++)
    123c:	3f 40 00 10 	mov	#4096,	r15	;#0x1000
  {
    nop();
    1240:	03 43       	nop			
    1242:	03 43       	nop			
    1244:	03 43       	nop			
    1246:	03 43       	nop			
    1248:	03 43       	nop			
    124a:	03 43       	nop			
    124c:	03 43       	nop			
    124e:	03 43       	nop			
    1250:	03 43       	nop			
    1252:	03 43       	nop			
    1254:	03 43       	nop			
    1256:	03 43       	nop			
    1258:	03 43       	nop			
    125a:	03 43       	nop			
    125c:	03 43       	nop			
    125e:	03 43       	nop			
    1260:	03 43       	nop			
    1262:	03 43       	nop			
    1264:	03 43       	nop			
    1266:	03 43       	nop			
    1268:	03 43       	nop			
    126a:	03 43       	nop			
    126c:	03 43       	nop			
    126e:	03 43       	nop			
    1270:	03 43       	nop			
    1272:	03 43       	nop			
    1274:	03 43       	nop			
    1276:	03 43       	nop			
    1278:	03 43       	nop			
    127a:	03 43       	nop			
    127c:	03 43       	nop			
    127e:	03 43       	nop			
    1280:	3f 50 e0 ff 	add	#-32,	r15	;#0xffe0
    1284:	dd 23       	jnz	$-68     	;abs 0x1240
  }
  /* Enable CCTL2 interrupt */
  CCTL2 |= CCIE;
    1286:	b2 d0 10 00 	bis	#16,	&0x0166	;#0x0010
    128a:	66 01 

  _EINT();
    128c:	32 d2       	eint			
}
    128e:	30 41       	ret			

00001290 <INT_port2>:




interrupt (PORT2_VECTOR) INT_port2( void )
{
    1290:	00 13       	reti			

00001292 <INT_uart1tx>:
}

interrupt (UART1TX_VECTOR) INT_uart1tx( void )
{
    1292:	00 13       	reti			

00001294 <INT_uart1rx>:
}

interrupt (UART1RX_VECTOR) INT_uart1rx( void )
{
    1294:	00 13       	reti			

00001296 <INT_port1>:
}

interrupt (PORT1_VECTOR) INT_port1( void )
{
    1296:	00 13       	reti			

00001298 <INT_timera1>:
} 

/* -----------------------------------------------------------------------
   Measure the 1/2 period of the 32.768KHz xtal
   ----------------------------------------------------------------------- */
interrupt (TIMERA1_VECTOR) INT_timera1( void )
{
    1298:	0f 12       	push	r15		;
  if( TAIV == 0x04 )
    129a:	a2 92 2e 01 	cmp	#4,	&0x012e	;r2 As==10
    129e:	0b 20       	jnz	$+24     	;abs 0x12b6
  {
    /* CCR2 Interrupt */
    
    /* Measure the 32.768KHz period */
    VZC_2delta = CCR2 - VZC_LastCap;
    12a0:	1f 42 76 01 	mov	&0x0176,r15	;0x0176
    12a4:	1f 82 06 02 	sub	&0x0206,r15	;0x0206
    12a8:	82 4f 04 02 	mov	r15,	&0x0204	;
    VZC_LastCap = CCR2;
    12ac:	92 42 76 01 	mov	&0x0176,&0x0206	;0x0176
    12b0:	06 02 
    Status |= TASK_OVR;
    12b2:	92 d3 00 02 	bis	#1,	&0x0200	;r3 As==01
  }
}
    12b6:	3f 41       	pop	r15		;
    12b8:	00 13       	reti			

000012ba <INT_timera0>:

interrupt (TIMERA0_VECTOR) INT_timera0( void )
{
    12ba:	00 13       	reti			

000012bc <INT_adc>:
}

interrupt (ADC_VECTOR) INT_adc( void )
{
    12bc:	00 13       	reti			

000012be <INT_uart0tx>:
}

interrupt (UART0TX_VECTOR) INT_uart0tx( void )
{
    12be:	00 13       	reti			

000012c0 <INT_uart0rx>:
}

interrupt (UART0RX_VECTOR) INT_uart0rx( void )
{
    12c0:	00 13       	reti			

000012c2 <INT_wdt>:
}

interrupt (WDT_VECTOR) INT_wdt( void )
{
    12c2:	00 13       	reti			

000012c4 <INT_compa>:
}

interrupt (COMPARATORA_VECTOR) INT_compa( void )
{
    12c4:	00 13       	reti			

000012c6 <INT_timerb1>:
}

interrupt (TIMERB1_VECTOR) INT_timerb1( void )
{
    12c6:	00 13       	reti			

000012c8 <INT_timerb0>:
}

interrupt (TIMERB0_VECTOR) INT_timerb0( void )
{
    12c8:	00 13       	reti			

000012ca <INT_nmi>:
}

interrupt (NMI_VECTOR) INT_nmi( void )
{
    12ca:	00 13       	reti			

000012cc <Rsel_set>:
/* -----------------------------------------------------------------------
   Adjust the DCO resistor selection in streps until it is at rsel
   ----------------------------------------------------------------------- */
void Rsel_set( short rsel )
{
    12cc:	0e 4f       	mov	r15,	r14	;
  while( (BCSCTL1 & 0x07) != rsel )
    12ce:	5f 42 57 00 	mov.b	&0x0057,r15	;0x0057
    12d2:	3f f0 07 00 	and	#7,	r15	;#0x0007
    12d6:	0f 9e       	cmp	r14,	r15	;
    12d8:	0e 24       	jz	$+30     	;abs 0x12f6
  {
    if( (BCSCTL1 & 0x07 ) > rsel )
    12da:	5f 42 57 00 	mov.b	&0x0057,r15	;0x0057
    12de:	3f f0 07 00 	and	#7,	r15	;#0x0007
    12e2:	0e 9f       	cmp	r15,	r14	;
    12e4:	09 34       	jge	$+20     	;abs 0x12f8
    {
      BCSCTL1 -= 1;
    12e6:	f2 53 57 00 	add.b	#-1,	&0x0057	;r3 As==11
    12ea:	5f 42 57 00 	mov.b	&0x0057,r15	;0x0057
    12ee:	3f f0 07 00 	and	#7,	r15	;#0x0007
    12f2:	0f 9e       	cmp	r14,	r15	;
    12f4:	f2 23       	jnz	$-26     	;abs 0x12da
    } else {
      BCSCTL1 += 1;
    }
  }
}
    12f6:	30 41       	ret			
    12f8:	d2 53 57 00 	inc.b	&0x0057		;
    12fc:	f6 3f       	jmp	$-18     	;abs 0x12ea

000012fe <dco_step>:


/* -----------------------------------------------------------------------
   Adjust the DCO using step method
   ----------------------------------------------------------------------- */
void dco_step( void )
{
    if( DCOCTL == DCO_MAX )
    12fe:	f2 90 e2 ff 	cmp.b	#-30,	&0x0056	;#0xffe2
    1302:	56 00 
    1304:	1e 24       	jz	$+62     	;abs 0x1342
    {
      /* Increment Rsel */
      if( (BCSCTL1 & 0x07)  < 0x07 )
      {
        BCSCTL1 += 1;
        DCOCTL = 0x60;
      } 
    } else if( DCOCTL == DCO_MIN ) {
    1306:	f2 90 05 00 	cmp.b	#5,	&0x0056	;#0x0005
    130a:	56 00 
    130c:	0e 24       	jz	$+30     	;abs 0x132a
      /* Decrement Rsel */
      if( (BCSCTL1 & 0x07) > 0x00 )
      {
        BCSCTL1 -= 1;
        DCOCTL = 0x60;
      } 
    } else {
      if( VZC_2delta < FSET )
    130e:	b2 90 f4 00 	cmp	#244,	&0x0204	;#0x00f4
    1312:	04 02 
    1314:	03 2c       	jc	$+8      	;abs 0x131c
      {
        DCOCTL += 1;
    1316:	d2 53 56 00 	inc.b	&0x0056		;
      } else if( VZC_2delta > FSET ) {
        DCOCTL -= 1;
      }    
    }
}
    131a:	30 41       	ret			
    131c:	b2 90 f5 00 	cmp	#245,	&0x0204	;#0x00f5
    1320:	04 02 
    1322:	02 28       	jnc	$+6      	;abs 0x1328
    1324:	f2 53 56 00 	add.b	#-1,	&0x0056	;r3 As==11
    1328:	30 41       	ret			
    132a:	5f 42 57 00 	mov.b	&0x0057,r15	;0x0057
    132e:	3f f0 07 00 	and	#7,	r15	;#0x0007
    1332:	1f 93       	cmp	#1,	r15	;r3 As==01
    1334:	f9 3b       	jl	$-12     	;abs 0x1328
    1336:	f2 53 57 00 	add.b	#-1,	&0x0057	;r3 As==11
    133a:	f2 40 60 00 	mov.b	#96,	&0x0056	;#0x0060
    133e:	56 00 
    1340:	30 41       	ret			
    1342:	5f 42 57 00 	mov.b	&0x0057,r15	;0x0057
    1346:	3f f0 07 00 	and	#7,	r15	;#0x0007
    134a:	3f 90 07 00 	cmp	#7,	r15	;#0x0007
    134e:	ec 37       	jge	$-38     	;abs 0x1328
    1350:	d2 53 57 00 	inc.b	&0x0057		;
    1354:	f2 3f       	jmp	$-26     	;abs 0x133a

00001356 <__stop_progExec__>:
    1356:	0f 12       	push	r15		;
    1358:	3f 41       	pop	r15		;

0000135a <__stop_progLoop>:
    135a:	02 df       	bis	r15,	r2	;
    135c:	fe 3f       	jmp	$-2      	;abs 0x135a
Disassembly of section .vectors:

0000ffe0 <InterruptVectors>:
    ffe0:	3a 11 90 12 92 12 94 12 96 12 98 12 ba 12 bc 12     :...............
    fff0:	be 12 c0 12 c2 12 c4 12 c6 12 c8 12 ca 12 00 11     ................
